{"/Users/iivum/.openclaw/workspace/seafood-miniapp/frontend/src/api/cart.ts": {"path":"/Users/iivum/.openclaw/workspace/seafood-miniapp/frontend/src/api/cart.ts","statementMap":{"0":{"start":{"line":2,"column":0},"end":{"line":2,"column":46}},"1":{"start":{"line":25,"column":4},"end":{"line":25,"column":44}},"2":{"start":{"line":27,"column":4},"end":{"line":51,"column":5}},"3":{"start":{"line":28,"column":23},"end":{"line":32,"column":8}},"4":{"start":{"line":35,"column":6},"end":{"line":35,"column":39}},"5":{"start":{"line":38,"column":6},"end":{"line":43,"column":7}},"6":{"start":{"line":39,"column":8},"end":{"line":41,"column":9}},"7":{"start":{"line":40,"column":10},"end":{"line":40,"column":73}},"8":{"start":{"line":42,"column":8},"end":{"line":42,"column":72}},"9":{"start":{"line":45,"column":6},"end":{"line":48,"column":7}},"10":{"start":{"line":46,"column":25},"end":{"line":46,"column":51}},"11":{"start":{"line":47,"column":8},"end":{"line":47,"column":94}},"12":{"start":{"line":50,"column":6},"end":{"line":50,"column":76}},"13":{"start":{"line":61,"column":4},"end":{"line":84,"column":5}},"14":{"start":{"line":62,"column":23},"end":{"line":65,"column":8}},"15":{"start":{"line":68,"column":6},"end":{"line":68,"column":39}},"16":{"start":{"line":71,"column":6},"end":{"line":76,"column":7}},"17":{"start":{"line":72,"column":8},"end":{"line":74,"column":9}},"18":{"start":{"line":73,"column":10},"end":{"line":73,"column":72}},"19":{"start":{"line":75,"column":8},"end":{"line":75,"column":66}},"20":{"start":{"line":78,"column":6},"end":{"line":81,"column":7}},"21":{"start":{"line":79,"column":25},"end":{"line":79,"column":51}},"22":{"start":{"line":80,"column":8},"end":{"line":80,"column":88}},"23":{"start":{"line":83,"column":6},"end":{"line":83,"column":70}},"24":{"start":{"line":96,"column":4},"end":{"line":96,"column":49}},"25":{"start":{"line":98,"column":4},"end":{"line":122,"column":5}},"26":{"start":{"line":99,"column":23},"end":{"line":103,"column":8}},"27":{"start":{"line":106,"column":6},"end":{"line":106,"column":39}},"28":{"start":{"line":109,"column":6},"end":{"line":114,"column":7}},"29":{"start":{"line":110,"column":8},"end":{"line":112,"column":9}},"30":{"start":{"line":111,"column":10},"end":{"line":111,"column":77}},"31":{"start":{"line":113,"column":8},"end":{"line":113,"column":72}},"32":{"start":{"line":116,"column":6},"end":{"line":119,"column":7}},"33":{"start":{"line":117,"column":25},"end":{"line":117,"column":51}},"34":{"start":{"line":118,"column":8},"end":{"line":118,"column":94}},"35":{"start":{"line":121,"column":6},"end":{"line":121,"column":76}},"36":{"start":{"line":134,"column":4},"end":{"line":136,"column":5}},"37":{"start":{"line":135,"column":6},"end":{"line":135,"column":41}},"38":{"start":{"line":138,"column":4},"end":{"line":161,"column":5}},"39":{"start":{"line":139,"column":23},"end":{"line":142,"column":8}},"40":{"start":{"line":145,"column":6},"end":{"line":145,"column":27}},"41":{"start":{"line":148,"column":6},"end":{"line":153,"column":7}},"42":{"start":{"line":149,"column":8},"end":{"line":151,"column":9}},"43":{"start":{"line":150,"column":10},"end":{"line":150,"column":77}},"44":{"start":{"line":152,"column":8},"end":{"line":152,"column":72}},"45":{"start":{"line":155,"column":6},"end":{"line":158,"column":7}},"46":{"start":{"line":156,"column":25},"end":{"line":156,"column":51}},"47":{"start":{"line":157,"column":8},"end":{"line":157,"column":94}},"48":{"start":{"line":160,"column":6},"end":{"line":160,"column":76}},"49":{"start":{"line":173,"column":4},"end":{"line":175,"column":5}},"50":{"start":{"line":174,"column":6},"end":{"line":174,"column":41}},"51":{"start":{"line":177,"column":4},"end":{"line":200,"column":5}},"52":{"start":{"line":178,"column":23},"end":{"line":181,"column":8}},"53":{"start":{"line":184,"column":6},"end":{"line":184,"column":27}},"54":{"start":{"line":187,"column":6},"end":{"line":192,"column":7}},"55":{"start":{"line":188,"column":8},"end":{"line":190,"column":9}},"56":{"start":{"line":189,"column":10},"end":{"line":189,"column":82}},"57":{"start":{"line":191,"column":8},"end":{"line":191,"column":77}},"58":{"start":{"line":194,"column":6},"end":{"line":197,"column":7}},"59":{"start":{"line":195,"column":25},"end":{"line":195,"column":51}},"60":{"start":{"line":196,"column":8},"end":{"line":196,"column":99}},"61":{"start":{"line":199,"column":6},"end":{"line":199,"column":81}},"62":{"start":{"line":210,"column":4},"end":{"line":233,"column":5}},"63":{"start":{"line":211,"column":23},"end":{"line":214,"column":8}},"64":{"start":{"line":217,"column":6},"end":{"line":217,"column":27}},"65":{"start":{"line":220,"column":6},"end":{"line":225,"column":7}},"66":{"start":{"line":221,"column":8},"end":{"line":223,"column":9}},"67":{"start":{"line":222,"column":10},"end":{"line":222,"column":72}},"68":{"start":{"line":224,"column":8},"end":{"line":224,"column":66}},"69":{"start":{"line":227,"column":6},"end":{"line":230,"column":7}},"70":{"start":{"line":228,"column":25},"end":{"line":228,"column":51}},"71":{"start":{"line":229,"column":8},"end":{"line":229,"column":88}},"72":{"start":{"line":232,"column":6},"end":{"line":232,"column":70}},"73":{"start":{"line":243,"column":4},"end":{"line":245,"column":5}},"74":{"start":{"line":244,"column":6},"end":{"line":244,"column":44}},"75":{"start":{"line":247,"column":4},"end":{"line":249,"column":5}},"76":{"start":{"line":248,"column":6},"end":{"line":248,"column":42}},"77":{"start":{"line":259,"column":4},"end":{"line":261,"column":5}},"78":{"start":{"line":260,"column":6},"end":{"line":260,"column":41}},"79":{"start":{"line":263,"column":4},"end":{"line":265,"column":5}},"80":{"start":{"line":264,"column":6},"end":{"line":264,"column":42}},"81":{"start":{"line":10,"column":0},"end":{"line":10,"column":13}},"82":{"start":{"line":14,"column":26},"end":{"line":14,"column":50}}},"fnMap":{"0":{"name":"(anonymous_0)","decl":{"start":{"line":23,"column":2},"end":{"line":23,"column":8}},"loc":{"start":{"line":23,"column":48},"end":{"line":52,"column":3}}},"1":{"name":"(anonymous_1)","decl":{"start":{"line":60,"column":2},"end":{"line":60,"column":8}},"loc":{"start":{"line":60,"column":22},"end":{"line":85,"column":3}}},"2":{"name":"(anonymous_2)","decl":{"start":{"line":94,"column":2},"end":{"line":94,"column":8}},"loc":{"start":{"line":94,"column":58},"end":{"line":123,"column":3}}},"3":{"name":"(anonymous_3)","decl":{"start":{"line":132,"column":2},"end":{"line":132,"column":8}},"loc":{"start":{"line":132,"column":44},"end":{"line":162,"column":3}}},"4":{"name":"(anonymous_4)","decl":{"start":{"line":171,"column":2},"end":{"line":171,"column":8}},"loc":{"start":{"line":171,"column":49},"end":{"line":201,"column":3}}},"5":{"name":"(anonymous_5)","decl":{"start":{"line":209,"column":2},"end":{"line":209,"column":8}},"loc":{"start":{"line":209,"column":24},"end":{"line":234,"column":3}}},"6":{"name":"(anonymous_6)","decl":{"start":{"line":242,"column":10},"end":{"line":242,"column":16}},"loc":{"start":{"line":242,"column":64},"end":{"line":250,"column":3}}},"7":{"name":"(anonymous_7)","decl":{"start":{"line":258,"column":10},"end":{"line":258,"column":16}},"loc":{"start":{"line":258,"column":74},"end":{"line":266,"column":3}}}},"branchMap":{"0":{"loc":{"start":{"line":35,"column":13},"end":{"line":35,"column":38}},"type":"binary-expr","locations":[{"start":{"line":35,"column":13},"end":{"line":35,"column":26}},{"start":{"line":35,"column":30},"end":{"line":35,"column":38}}]},"1":{"loc":{"start":{"line":38,"column":6},"end":{"line":43,"column":7}},"type":"if","locations":[{"start":{"line":38,"column":6},"end":{"line":43,"column":7}}]},"2":{"loc":{"start":{"line":39,"column":8},"end":{"line":41,"column":9}},"type":"if","locations":[{"start":{"line":39,"column":8},"end":{"line":41,"column":9}}]},"3":{"loc":{"start":{"line":45,"column":6},"end":{"line":48,"column":7}},"type":"if","locations":[{"start":{"line":45,"column":6},"end":{"line":48,"column":7}}]},"4":{"loc":{"start":{"line":45,"column":10},"end":{"line":45,"column":53}},"type":"binary-expr","locations":[{"start":{"line":45,"column":10},"end":{"line":45,"column":35}},{"start":{"line":45,"column":39},"end":{"line":45,"column":53}}]},"5":{"loc":{"start":{"line":47,"column":55},"end":{"line":47,"column":90}},"type":"binary-expr","locations":[{"start":{"line":47,"column":55},"end":{"line":47,"column":71}},{"start":{"line":47,"column":75},"end":{"line":47,"column":90}}]},"6":{"loc":{"start":{"line":68,"column":13},"end":{"line":68,"column":38}},"type":"binary-expr","locations":[{"start":{"line":68,"column":13},"end":{"line":68,"column":26}},{"start":{"line":68,"column":30},"end":{"line":68,"column":38}}]},"7":{"loc":{"start":{"line":71,"column":6},"end":{"line":76,"column":7}},"type":"if","locations":[{"start":{"line":71,"column":6},"end":{"line":76,"column":7}}]},"8":{"loc":{"start":{"line":72,"column":8},"end":{"line":74,"column":9}},"type":"if","locations":[{"start":{"line":72,"column":8},"end":{"line":74,"column":9}}]},"9":{"loc":{"start":{"line":78,"column":6},"end":{"line":81,"column":7}},"type":"if","locations":[{"start":{"line":78,"column":6},"end":{"line":81,"column":7}}]},"10":{"loc":{"start":{"line":78,"column":10},"end":{"line":78,"column":53}},"type":"binary-expr","locations":[{"start":{"line":78,"column":10},"end":{"line":78,"column":35}},{"start":{"line":78,"column":39},"end":{"line":78,"column":53}}]},"11":{"loc":{"start":{"line":80,"column":49},"end":{"line":80,"column":84}},"type":"binary-expr","locations":[{"start":{"line":80,"column":49},"end":{"line":80,"column":65}},{"start":{"line":80,"column":69},"end":{"line":80,"column":84}}]},"12":{"loc":{"start":{"line":106,"column":13},"end":{"line":106,"column":38}},"type":"binary-expr","locations":[{"start":{"line":106,"column":13},"end":{"line":106,"column":26}},{"start":{"line":106,"column":30},"end":{"line":106,"column":38}}]},"13":{"loc":{"start":{"line":109,"column":6},"end":{"line":114,"column":7}},"type":"if","locations":[{"start":{"line":109,"column":6},"end":{"line":114,"column":7}}]},"14":{"loc":{"start":{"line":110,"column":8},"end":{"line":112,"column":9}},"type":"if","locations":[{"start":{"line":110,"column":8},"end":{"line":112,"column":9}}]},"15":{"loc":{"start":{"line":116,"column":6},"end":{"line":119,"column":7}},"type":"if","locations":[{"start":{"line":116,"column":6},"end":{"line":119,"column":7}}]},"16":{"loc":{"start":{"line":116,"column":10},"end":{"line":116,"column":53}},"type":"binary-expr","locations":[{"start":{"line":116,"column":10},"end":{"line":116,"column":35}},{"start":{"line":116,"column":39},"end":{"line":116,"column":53}}]},"17":{"loc":{"start":{"line":118,"column":55},"end":{"line":118,"column":90}},"type":"binary-expr","locations":[{"start":{"line":118,"column":55},"end":{"line":118,"column":71}},{"start":{"line":118,"column":75},"end":{"line":118,"column":90}}]},"18":{"loc":{"start":{"line":134,"column":4},"end":{"line":136,"column":5}},"type":"if","locations":[{"start":{"line":134,"column":4},"end":{"line":136,"column":5}}]},"19":{"loc":{"start":{"line":134,"column":8},"end":{"line":134,"column":69}},"type":"binary-expr","locations":[{"start":{"line":134,"column":8},"end":{"line":134,"column":15}},{"start":{"line":134,"column":19},"end":{"line":134,"column":45}},{"start":{"line":134,"column":49},"end":{"line":134,"column":69}}]},"20":{"loc":{"start":{"line":148,"column":6},"end":{"line":153,"column":7}},"type":"if","locations":[{"start":{"line":148,"column":6},"end":{"line":153,"column":7}}]},"21":{"loc":{"start":{"line":149,"column":8},"end":{"line":151,"column":9}},"type":"if","locations":[{"start":{"line":149,"column":8},"end":{"line":151,"column":9}}]},"22":{"loc":{"start":{"line":155,"column":6},"end":{"line":158,"column":7}},"type":"if","locations":[{"start":{"line":155,"column":6},"end":{"line":158,"column":7}}]},"23":{"loc":{"start":{"line":155,"column":10},"end":{"line":155,"column":53}},"type":"binary-expr","locations":[{"start":{"line":155,"column":10},"end":{"line":155,"column":35}},{"start":{"line":155,"column":39},"end":{"line":155,"column":53}}]},"24":{"loc":{"start":{"line":157,"column":55},"end":{"line":157,"column":90}},"type":"binary-expr","locations":[{"start":{"line":157,"column":55},"end":{"line":157,"column":71}},{"start":{"line":157,"column":75},"end":{"line":157,"column":90}}]},"25":{"loc":{"start":{"line":173,"column":4},"end":{"line":175,"column":5}},"type":"if","locations":[{"start":{"line":173,"column":4},"end":{"line":175,"column":5}}]},"26":{"loc":{"start":{"line":173,"column":8},"end":{"line":173,"column":69}},"type":"binary-expr","locations":[{"start":{"line":173,"column":8},"end":{"line":173,"column":15}},{"start":{"line":173,"column":19},"end":{"line":173,"column":45}},{"start":{"line":173,"column":49},"end":{"line":173,"column":69}}]},"27":{"loc":{"start":{"line":187,"column":6},"end":{"line":192,"column":7}},"type":"if","locations":[{"start":{"line":187,"column":6},"end":{"line":192,"column":7}}]},"28":{"loc":{"start":{"line":188,"column":8},"end":{"line":190,"column":9}},"type":"if","locations":[{"start":{"line":188,"column":8},"end":{"line":190,"column":9}}]},"29":{"loc":{"start":{"line":194,"column":6},"end":{"line":197,"column":7}},"type":"if","locations":[{"start":{"line":194,"column":6},"end":{"line":197,"column":7}}]},"30":{"loc":{"start":{"line":194,"column":10},"end":{"line":194,"column":53}},"type":"binary-expr","locations":[{"start":{"line":194,"column":10},"end":{"line":194,"column":35}},{"start":{"line":194,"column":39},"end":{"line":194,"column":53}}]},"31":{"loc":{"start":{"line":196,"column":60},"end":{"line":196,"column":95}},"type":"binary-expr","locations":[{"start":{"line":196,"column":60},"end":{"line":196,"column":76}},{"start":{"line":196,"column":80},"end":{"line":196,"column":95}}]},"32":{"loc":{"start":{"line":220,"column":6},"end":{"line":225,"column":7}},"type":"if","locations":[{"start":{"line":220,"column":6},"end":{"line":225,"column":7}}]},"33":{"loc":{"start":{"line":221,"column":8},"end":{"line":223,"column":9}},"type":"if","locations":[{"start":{"line":221,"column":8},"end":{"line":223,"column":9}}]},"34":{"loc":{"start":{"line":227,"column":6},"end":{"line":230,"column":7}},"type":"if","locations":[{"start":{"line":227,"column":6},"end":{"line":230,"column":7}}]},"35":{"loc":{"start":{"line":227,"column":10},"end":{"line":227,"column":53}},"type":"binary-expr","locations":[{"start":{"line":227,"column":10},"end":{"line":227,"column":35}},{"start":{"line":227,"column":39},"end":{"line":227,"column":53}}]},"36":{"loc":{"start":{"line":229,"column":49},"end":{"line":229,"column":84}},"type":"binary-expr","locations":[{"start":{"line":229,"column":49},"end":{"line":229,"column":65}},{"start":{"line":229,"column":69},"end":{"line":229,"column":84}}]},"37":{"loc":{"start":{"line":243,"column":4},"end":{"line":245,"column":5}},"type":"if","locations":[{"start":{"line":243,"column":4},"end":{"line":245,"column":5}}]},"38":{"loc":{"start":{"line":243,"column":8},"end":{"line":243,"column":99}},"type":"binary-expr","locations":[{"start":{"line":243,"column":8},"end":{"line":243,"column":25}},{"start":{"line":243,"column":29},"end":{"line":243,"column":65}},{"start":{"line":243,"column":69},"end":{"line":243,"column":99}}]},"39":{"loc":{"start":{"line":247,"column":4},"end":{"line":249,"column":5}},"type":"if","locations":[{"start":{"line":247,"column":4},"end":{"line":249,"column":5}}]},"40":{"loc":{"start":{"line":247,"column":8},"end":{"line":247,"column":67}},"type":"binary-expr","locations":[{"start":{"line":247,"column":8},"end":{"line":247,"column":43}},{"start":{"line":247,"column":47},"end":{"line":247,"column":67}}]},"41":{"loc":{"start":{"line":259,"column":4},"end":{"line":261,"column":5}},"type":"if","locations":[{"start":{"line":259,"column":4},"end":{"line":261,"column":5}}]},"42":{"loc":{"start":{"line":259,"column":8},"end":{"line":259,"column":90}},"type":"binary-expr","locations":[{"start":{"line":259,"column":8},"end":{"line":259,"column":22}},{"start":{"line":259,"column":26},"end":{"line":259,"column":59}},{"start":{"line":259,"column":63},"end":{"line":259,"column":90}}]},"43":{"loc":{"start":{"line":263,"column":4},"end":{"line":265,"column":5}},"type":"if","locations":[{"start":{"line":263,"column":4},"end":{"line":265,"column":5}}]},"44":{"loc":{"start":{"line":263,"column":8},"end":{"line":263,"column":66}},"type":"binary-expr","locations":[{"start":{"line":263,"column":8},"end":{"line":263,"column":43}},{"start":{"line":263,"column":47},"end":{"line":263,"column":66}}]}},"s":{"0":1,"1":7,"2":4,"3":4,"4":2,"5":2,"6":1,"7":1,"8":0,"9":1,"10":1,"11":1,"12":0,"13":3,"14":3,"15":3,"16":0,"17":0,"18":0,"19":0,"20":0,"21":0,"22":0,"23":0,"24":4,"25":2,"26":2,"27":1,"28":1,"29":1,"30":1,"31":0,"32":0,"33":0,"34":0,"35":0,"36":2,"37":1,"38":1,"39":1,"40":1,"41":0,"42":0,"43":0,"44":0,"45":0,"46":0,"47":0,"48":0,"49":2,"50":1,"51":1,"52":1,"53":1,"54":0,"55":0,"56":0,"57":0,"58":0,"59":0,"60":0,"61":0,"62":1,"63":1,"64":1,"65":0,"66":0,"67":0,"68":0,"69":0,"70":0,"71":0,"72":0,"73":7,"74":1,"75":6,"76":2,"77":4,"78":1,"79":3,"80":1,"81":1,"82":1},"f":{"0":7,"1":3,"2":4,"3":2,"4":2,"5":1,"6":7,"7":4},"b":{"0":[2,0],"1":[1],"2":[1],"3":[1],"4":[1,1],"5":[1,0],"6":[3,2],"7":[0],"8":[0],"9":[0],"10":[0,0],"11":[0,0],"12":[1,1],"13":[1],"14":[1],"15":[0],"16":[0,0],"17":[0,0],"18":[1],"19":[2,1,1],"20":[0],"21":[0],"22":[0],"23":[0,0],"24":[0,0],"25":[1],"26":[2,1,1],"27":[0],"28":[0],"29":[0],"30":[0,0],"31":[0,0],"32":[0],"33":[0],"34":[0],"35":[0,0],"36":[0,0],"37":[1],"38":[7,6,6],"39":[2],"40":[6,6],"41":[1],"42":[4,3,3],"43":[1],"44":[3,3]}}
,"/Users/iivum/.openclaw/workspace/seafood-miniapp/frontend/utils/request.js": {"path":"/Users/iivum/.openclaw/workspace/seafood-miniapp/frontend/utils/request.js","statementMap":{"0":{"start":{"line":1,"column":12},"end":{"line":1,"column":20}},"1":{"start":{"line":3,"column":16},"end":{"line":67,"column":1}},"2":{"start":{"line":4,"column":2},"end":{"line":66,"column":5}},"3":{"start":{"line":5,"column":78},"end":{"line":5,"column":85}},"4":{"start":{"line":6,"column":20},"end":{"line":6,"column":42}},"5":{"start":{"line":9,"column":26},"end":{"line":12,"column":5}},"6":{"start":{"line":15,"column":4},"end":{"line":17,"column":5}},"7":{"start":{"line":16,"column":6},"end":{"line":16,"column":72}},"8":{"start":{"line":19,"column":4},"end":{"line":65,"column":7}},"9":{"start":{"line":25,"column":8},"end":{"line":55,"column":9}},"10":{"start":{"line":26,"column":10},"end":{"line":26,"column":28}},"11":{"start":{"line":27,"column":15},"end":{"line":55,"column":9}},"12":{"start":{"line":29,"column":10},"end":{"line":32,"column":13}},"13":{"start":{"line":35,"column":10},"end":{"line":35,"column":40}},"14":{"start":{"line":36,"column":10},"end":{"line":36,"column":38}},"15":{"start":{"line":37,"column":10},"end":{"line":37,"column":41}},"16":{"start":{"line":40,"column":10},"end":{"line":44,"column":19}},"17":{"start":{"line":41,"column":12},"end":{"line":43,"column":15}},"18":{"start":{"line":46,"column":10},"end":{"line":46,"column":22}},"19":{"start":{"line":49,"column":31},"end":{"line":49,"column":77}},"20":{"start":{"line":50,"column":10},"end":{"line":53,"column":13}},"21":{"start":{"line":54,"column":10},"end":{"line":54,"column":22}},"22":{"start":{"line":58,"column":8},"end":{"line":58,"column":38}},"23":{"start":{"line":59,"column":8},"end":{"line":62,"column":11}},"24":{"start":{"line":63,"column":8},"end":{"line":63,"column":20}},"25":{"start":{"line":70,"column":20},"end":{"line":75,"column":1}},"26":{"start":{"line":71,"column":2},"end":{"line":74,"column":5}},"27":{"start":{"line":77,"column":0},"end":{"line":80,"column":2}}},"fnMap":{"0":{"name":"(anonymous_0)","decl":{"start":{"line":3,"column":16},"end":{"line":3,"column":17}},"loc":{"start":{"line":3,"column":29},"end":{"line":67,"column":1}},"line":3},"1":{"name":"(anonymous_1)","decl":{"start":{"line":4,"column":21},"end":{"line":4,"column":22}},"loc":{"start":{"line":4,"column":42},"end":{"line":66,"column":3}},"line":4},"2":{"name":"(anonymous_2)","decl":{"start":{"line":24,"column":15},"end":{"line":24,"column":16}},"loc":{"start":{"line":24,"column":24},"end":{"line":56,"column":7}},"line":24},"3":{"name":"(anonymous_3)","decl":{"start":{"line":40,"column":21},"end":{"line":40,"column":22}},"loc":{"start":{"line":40,"column":27},"end":{"line":44,"column":11}},"line":40},"4":{"name":"(anonymous_4)","decl":{"start":{"line":57,"column":12},"end":{"line":57,"column":13}},"loc":{"start":{"line":57,"column":21},"end":{"line":64,"column":7}},"line":57},"5":{"name":"(anonymous_5)","decl":{"start":{"line":70,"column":20},"end":{"line":70,"column":21}},"loc":{"start":{"line":70,"column":33},"end":{"line":75,"column":1}},"line":70}},"branchMap":{"0":{"loc":{"start":{"line":5,"column":17},"end":{"line":5,"column":31}},"type":"default-arg","locations":[{"start":{"line":5,"column":26},"end":{"line":5,"column":31}}],"line":5},"1":{"loc":{"start":{"line":5,"column":33},"end":{"line":5,"column":42}},"type":"default-arg","locations":[{"start":{"line":5,"column":40},"end":{"line":5,"column":42}}],"line":5},"2":{"loc":{"start":{"line":5,"column":44},"end":{"line":5,"column":55}},"type":"default-arg","locations":[{"start":{"line":5,"column":53},"end":{"line":5,"column":55}}],"line":5},"3":{"loc":{"start":{"line":5,"column":57},"end":{"line":5,"column":73}},"type":"default-arg","locations":[{"start":{"line":5,"column":68},"end":{"line":5,"column":73}}],"line":5},"4":{"loc":{"start":{"line":15,"column":4},"end":{"line":17,"column":5}},"type":"if","locations":[{"start":{"line":15,"column":4},"end":{"line":17,"column":5}},{"start":{},"end":{}}],"line":15},"5":{"loc":{"start":{"line":15,"column":8},"end":{"line":15,"column":40}},"type":"binary-expr","locations":[{"start":{"line":15,"column":8},"end":{"line":15,"column":16}},{"start":{"line":15,"column":20},"end":{"line":15,"column":40}}],"line":15},"6":{"loc":{"start":{"line":25,"column":8},"end":{"line":55,"column":9}},"type":"if","locations":[{"start":{"line":25,"column":8},"end":{"line":55,"column":9}},{"start":{"line":27,"column":15},"end":{"line":55,"column":9}}],"line":25},"7":{"loc":{"start":{"line":25,"column":12},"end":{"line":25,"column":57}},"type":"binary-expr","locations":[{"start":{"line":25,"column":12},"end":{"line":25,"column":33}},{"start":{"line":25,"column":37},"end":{"line":25,"column":57}}],"line":25},"8":{"loc":{"start":{"line":27,"column":15},"end":{"line":55,"column":9}},"type":"if","locations":[{"start":{"line":27,"column":15},"end":{"line":55,"column":9}},{"start":{"line":47,"column":15},"end":{"line":55,"column":9}}],"line":27},"9":{"loc":{"start":{"line":49,"column":31},"end":{"line":49,"column":77}},"type":"binary-expr","locations":[{"start":{"line":49,"column":31},"end":{"line":49,"column":48}},{"start":{"line":49,"column":52},"end":{"line":49,"column":77}}],"line":49}},"s":{"0":1,"1":1,"2":0,"3":0,"4":0,"5":0,"6":0,"7":0,"8":0,"9":0,"10":0,"11":0,"12":0,"13":0,"14":0,"15":0,"16":0,"17":0,"18":0,"19":0,"20":0,"21":0,"22":0,"23":0,"24":0,"25":1,"26":0,"27":1},"f":{"0":0,"1":0,"2":0,"3":0,"4":0,"5":0},"b":{"0":[0],"1":[0],"2":[0],"3":[0],"4":[0,0],"5":[0,0],"6":[0,0],"7":[0,0],"8":[0,0],"9":[0,0]},"inputSourceMap":null,"_coverageSchema":"1a1c01bbd47fc00a2c39e90264f33305004495a9","hash":"fca9a628145d4efc38e6a29aeda2556ebaca4a14"}
}
