{"/Users/iivum/.openclaw/workspace/seafood-miniapp/frontend/src/api/cart.ts": {"path":"/Users/iivum/.openclaw/workspace/seafood-miniapp/frontend/src/api/cart.ts","statementMap":{"0":{"start":{"line":2,"column":0},"end":{"line":2,"column":46}},"1":{"start":{"line":25,"column":4},"end":{"line":25,"column":44}},"2":{"start":{"line":27,"column":4},"end":{"line":51,"column":5}},"3":{"start":{"line":28,"column":23},"end":{"line":32,"column":8}},"4":{"start":{"line":35,"column":6},"end":{"line":35,"column":39}},"5":{"start":{"line":38,"column":6},"end":{"line":43,"column":7}},"6":{"start":{"line":39,"column":8},"end":{"line":41,"column":9}},"7":{"start":{"line":40,"column":10},"end":{"line":40,"column":73}},"8":{"start":{"line":42,"column":8},"end":{"line":42,"column":72}},"9":{"start":{"line":45,"column":6},"end":{"line":48,"column":7}},"10":{"start":{"line":46,"column":25},"end":{"line":46,"column":51}},"11":{"start":{"line":47,"column":8},"end":{"line":47,"column":94}},"12":{"start":{"line":50,"column":6},"end":{"line":50,"column":76}},"13":{"start":{"line":61,"column":4},"end":{"line":84,"column":5}},"14":{"start":{"line":62,"column":23},"end":{"line":65,"column":8}},"15":{"start":{"line":68,"column":6},"end":{"line":68,"column":39}},"16":{"start":{"line":71,"column":6},"end":{"line":76,"column":7}},"17":{"start":{"line":72,"column":8},"end":{"line":74,"column":9}},"18":{"start":{"line":73,"column":10},"end":{"line":73,"column":72}},"19":{"start":{"line":75,"column":8},"end":{"line":75,"column":66}},"20":{"start":{"line":78,"column":6},"end":{"line":81,"column":7}},"21":{"start":{"line":79,"column":25},"end":{"line":79,"column":51}},"22":{"start":{"line":80,"column":8},"end":{"line":80,"column":88}},"23":{"start":{"line":83,"column":6},"end":{"line":83,"column":70}},"24":{"start":{"line":96,"column":4},"end":{"line":96,"column":49}},"25":{"start":{"line":98,"column":4},"end":{"line":122,"column":5}},"26":{"start":{"line":99,"column":23},"end":{"line":103,"column":8}},"27":{"start":{"line":106,"column":6},"end":{"line":106,"column":39}},"28":{"start":{"line":109,"column":6},"end":{"line":114,"column":7}},"29":{"start":{"line":110,"column":8},"end":{"line":112,"column":9}},"30":{"start":{"line":111,"column":10},"end":{"line":111,"column":77}},"31":{"start":{"line":113,"column":8},"end":{"line":113,"column":72}},"32":{"start":{"line":116,"column":6},"end":{"line":119,"column":7}},"33":{"start":{"line":117,"column":25},"end":{"line":117,"column":51}},"34":{"start":{"line":118,"column":8},"end":{"line":118,"column":94}},"35":{"start":{"line":121,"column":6},"end":{"line":121,"column":76}},"36":{"start":{"line":134,"column":4},"end":{"line":136,"column":5}},"37":{"start":{"line":135,"column":6},"end":{"line":135,"column":41}},"38":{"start":{"line":138,"column":4},"end":{"line":161,"column":5}},"39":{"start":{"line":139,"column":23},"end":{"line":142,"column":8}},"40":{"start":{"line":145,"column":6},"end":{"line":145,"column":39}},"41":{"start":{"line":148,"column":6},"end":{"line":153,"column":7}},"42":{"start":{"line":149,"column":8},"end":{"line":151,"column":9}},"43":{"start":{"line":150,"column":10},"end":{"line":150,"column":77}},"44":{"start":{"line":152,"column":8},"end":{"line":152,"column":72}},"45":{"start":{"line":155,"column":6},"end":{"line":158,"column":7}},"46":{"start":{"line":156,"column":25},"end":{"line":156,"column":51}},"47":{"start":{"line":157,"column":8},"end":{"line":157,"column":94}},"48":{"start":{"line":160,"column":6},"end":{"line":160,"column":76}},"49":{"start":{"line":173,"column":4},"end":{"line":175,"column":5}},"50":{"start":{"line":174,"column":6},"end":{"line":174,"column":41}},"51":{"start":{"line":177,"column":4},"end":{"line":200,"column":5}},"52":{"start":{"line":178,"column":23},"end":{"line":181,"column":8}},"53":{"start":{"line":184,"column":6},"end":{"line":184,"column":39}},"54":{"start":{"line":187,"column":6},"end":{"line":192,"column":7}},"55":{"start":{"line":188,"column":8},"end":{"line":190,"column":9}},"56":{"start":{"line":189,"column":10},"end":{"line":189,"column":82}},"57":{"start":{"line":191,"column":8},"end":{"line":191,"column":77}},"58":{"start":{"line":194,"column":6},"end":{"line":197,"column":7}},"59":{"start":{"line":195,"column":25},"end":{"line":195,"column":51}},"60":{"start":{"line":196,"column":8},"end":{"line":196,"column":99}},"61":{"start":{"line":199,"column":6},"end":{"line":199,"column":81}},"62":{"start":{"line":210,"column":4},"end":{"line":233,"column":5}},"63":{"start":{"line":211,"column":23},"end":{"line":214,"column":8}},"64":{"start":{"line":217,"column":6},"end":{"line":217,"column":39}},"65":{"start":{"line":220,"column":6},"end":{"line":225,"column":7}},"66":{"start":{"line":221,"column":8},"end":{"line":223,"column":9}},"67":{"start":{"line":222,"column":10},"end":{"line":222,"column":72}},"68":{"start":{"line":224,"column":8},"end":{"line":224,"column":66}},"69":{"start":{"line":227,"column":6},"end":{"line":230,"column":7}},"70":{"start":{"line":228,"column":25},"end":{"line":228,"column":51}},"71":{"start":{"line":229,"column":8},"end":{"line":229,"column":88}},"72":{"start":{"line":232,"column":6},"end":{"line":232,"column":70}},"73":{"start":{"line":243,"column":4},"end":{"line":245,"column":5}},"74":{"start":{"line":244,"column":6},"end":{"line":244,"column":44}},"75":{"start":{"line":247,"column":4},"end":{"line":249,"column":5}},"76":{"start":{"line":248,"column":6},"end":{"line":248,"column":42}},"77":{"start":{"line":259,"column":4},"end":{"line":261,"column":5}},"78":{"start":{"line":260,"column":6},"end":{"line":260,"column":41}},"79":{"start":{"line":263,"column":4},"end":{"line":265,"column":5}},"80":{"start":{"line":264,"column":6},"end":{"line":264,"column":42}},"81":{"start":{"line":10,"column":0},"end":{"line":10,"column":13}},"82":{"start":{"line":14,"column":26},"end":{"line":14,"column":50}}},"fnMap":{"0":{"name":"(anonymous_0)","decl":{"start":{"line":23,"column":2},"end":{"line":23,"column":8}},"loc":{"start":{"line":23,"column":48},"end":{"line":52,"column":3}}},"1":{"name":"(anonymous_1)","decl":{"start":{"line":60,"column":2},"end":{"line":60,"column":8}},"loc":{"start":{"line":60,"column":22},"end":{"line":85,"column":3}}},"2":{"name":"(anonymous_2)","decl":{"start":{"line":94,"column":2},"end":{"line":94,"column":8}},"loc":{"start":{"line":94,"column":58},"end":{"line":123,"column":3}}},"3":{"name":"(anonymous_3)","decl":{"start":{"line":132,"column":2},"end":{"line":132,"column":8}},"loc":{"start":{"line":132,"column":44},"end":{"line":162,"column":3}}},"4":{"name":"(anonymous_4)","decl":{"start":{"line":171,"column":2},"end":{"line":171,"column":8}},"loc":{"start":{"line":171,"column":49},"end":{"line":201,"column":3}}},"5":{"name":"(anonymous_5)","decl":{"start":{"line":209,"column":2},"end":{"line":209,"column":8}},"loc":{"start":{"line":209,"column":24},"end":{"line":234,"column":3}}},"6":{"name":"(anonymous_6)","decl":{"start":{"line":242,"column":10},"end":{"line":242,"column":16}},"loc":{"start":{"line":242,"column":64},"end":{"line":250,"column":3}}},"7":{"name":"(anonymous_7)","decl":{"start":{"line":258,"column":10},"end":{"line":258,"column":16}},"loc":{"start":{"line":258,"column":74},"end":{"line":266,"column":3}}}},"branchMap":{"0":{"loc":{"start":{"line":35,"column":13},"end":{"line":35,"column":38}},"type":"binary-expr","locations":[{"start":{"line":35,"column":13},"end":{"line":35,"column":26}},{"start":{"line":35,"column":30},"end":{"line":35,"column":38}}]},"1":{"loc":{"start":{"line":38,"column":6},"end":{"line":43,"column":7}},"type":"if","locations":[{"start":{"line":38,"column":6},"end":{"line":43,"column":7}}]},"2":{"loc":{"start":{"line":39,"column":8},"end":{"line":41,"column":9}},"type":"if","locations":[{"start":{"line":39,"column":8},"end":{"line":41,"column":9}}]},"3":{"loc":{"start":{"line":45,"column":6},"end":{"line":48,"column":7}},"type":"if","locations":[{"start":{"line":45,"column":6},"end":{"line":48,"column":7}}]},"4":{"loc":{"start":{"line":45,"column":10},"end":{"line":45,"column":53}},"type":"binary-expr","locations":[{"start":{"line":45,"column":10},"end":{"line":45,"column":35}},{"start":{"line":45,"column":39},"end":{"line":45,"column":53}}]},"5":{"loc":{"start":{"line":47,"column":55},"end":{"line":47,"column":90}},"type":"binary-expr","locations":[{"start":{"line":47,"column":55},"end":{"line":47,"column":71}},{"start":{"line":47,"column":75},"end":{"line":47,"column":90}}]},"6":{"loc":{"start":{"line":68,"column":13},"end":{"line":68,"column":38}},"type":"binary-expr","locations":[{"start":{"line":68,"column":13},"end":{"line":68,"column":26}},{"start":{"line":68,"column":30},"end":{"line":68,"column":38}}]},"7":{"loc":{"start":{"line":71,"column":6},"end":{"line":76,"column":7}},"type":"if","locations":[{"start":{"line":71,"column":6},"end":{"line":76,"column":7}}]},"8":{"loc":{"start":{"line":72,"column":8},"end":{"line":74,"column":9}},"type":"if","locations":[{"start":{"line":72,"column":8},"end":{"line":74,"column":9}}]},"9":{"loc":{"start":{"line":78,"column":6},"end":{"line":81,"column":7}},"type":"if","locations":[{"start":{"line":78,"column":6},"end":{"line":81,"column":7}}]},"10":{"loc":{"start":{"line":78,"column":10},"end":{"line":78,"column":53}},"type":"binary-expr","locations":[{"start":{"line":78,"column":10},"end":{"line":78,"column":35}},{"start":{"line":78,"column":39},"end":{"line":78,"column":53}}]},"11":{"loc":{"start":{"line":80,"column":49},"end":{"line":80,"column":84}},"type":"binary-expr","locations":[{"start":{"line":80,"column":49},"end":{"line":80,"column":65}},{"start":{"line":80,"column":69},"end":{"line":80,"column":84}}]},"12":{"loc":{"start":{"line":106,"column":13},"end":{"line":106,"column":38}},"type":"binary-expr","locations":[{"start":{"line":106,"column":13},"end":{"line":106,"column":26}},{"start":{"line":106,"column":30},"end":{"line":106,"column":38}}]},"13":{"loc":{"start":{"line":109,"column":6},"end":{"line":114,"column":7}},"type":"if","locations":[{"start":{"line":109,"column":6},"end":{"line":114,"column":7}}]},"14":{"loc":{"start":{"line":110,"column":8},"end":{"line":112,"column":9}},"type":"if","locations":[{"start":{"line":110,"column":8},"end":{"line":112,"column":9}}]},"15":{"loc":{"start":{"line":116,"column":6},"end":{"line":119,"column":7}},"type":"if","locations":[{"start":{"line":116,"column":6},"end":{"line":119,"column":7}}]},"16":{"loc":{"start":{"line":116,"column":10},"end":{"line":116,"column":53}},"type":"binary-expr","locations":[{"start":{"line":116,"column":10},"end":{"line":116,"column":35}},{"start":{"line":116,"column":39},"end":{"line":116,"column":53}}]},"17":{"loc":{"start":{"line":118,"column":55},"end":{"line":118,"column":90}},"type":"binary-expr","locations":[{"start":{"line":118,"column":55},"end":{"line":118,"column":71}},{"start":{"line":118,"column":75},"end":{"line":118,"column":90}}]},"18":{"loc":{"start":{"line":134,"column":4},"end":{"line":136,"column":5}},"type":"if","locations":[{"start":{"line":134,"column":4},"end":{"line":136,"column":5}}]},"19":{"loc":{"start":{"line":134,"column":8},"end":{"line":134,"column":69}},"type":"binary-expr","locations":[{"start":{"line":134,"column":8},"end":{"line":134,"column":15}},{"start":{"line":134,"column":19},"end":{"line":134,"column":45}},{"start":{"line":134,"column":49},"end":{"line":134,"column":69}}]},"20":{"loc":{"start":{"line":145,"column":13},"end":{"line":145,"column":38}},"type":"binary-expr","locations":[{"start":{"line":145,"column":13},"end":{"line":145,"column":26}},{"start":{"line":145,"column":30},"end":{"line":145,"column":38}}]},"21":{"loc":{"start":{"line":148,"column":6},"end":{"line":153,"column":7}},"type":"if","locations":[{"start":{"line":148,"column":6},"end":{"line":153,"column":7}}]},"22":{"loc":{"start":{"line":149,"column":8},"end":{"line":151,"column":9}},"type":"if","locations":[{"start":{"line":149,"column":8},"end":{"line":151,"column":9}}]},"23":{"loc":{"start":{"line":155,"column":6},"end":{"line":158,"column":7}},"type":"if","locations":[{"start":{"line":155,"column":6},"end":{"line":158,"column":7}}]},"24":{"loc":{"start":{"line":155,"column":10},"end":{"line":155,"column":53}},"type":"binary-expr","locations":[{"start":{"line":155,"column":10},"end":{"line":155,"column":35}},{"start":{"line":155,"column":39},"end":{"line":155,"column":53}}]},"25":{"loc":{"start":{"line":157,"column":55},"end":{"line":157,"column":90}},"type":"binary-expr","locations":[{"start":{"line":157,"column":55},"end":{"line":157,"column":71}},{"start":{"line":157,"column":75},"end":{"line":157,"column":90}}]},"26":{"loc":{"start":{"line":173,"column":4},"end":{"line":175,"column":5}},"type":"if","locations":[{"start":{"line":173,"column":4},"end":{"line":175,"column":5}}]},"27":{"loc":{"start":{"line":173,"column":8},"end":{"line":173,"column":69}},"type":"binary-expr","locations":[{"start":{"line":173,"column":8},"end":{"line":173,"column":15}},{"start":{"line":173,"column":19},"end":{"line":173,"column":45}},{"start":{"line":173,"column":49},"end":{"line":173,"column":69}}]},"28":{"loc":{"start":{"line":184,"column":13},"end":{"line":184,"column":38}},"type":"binary-expr","locations":[{"start":{"line":184,"column":13},"end":{"line":184,"column":26}},{"start":{"line":184,"column":30},"end":{"line":184,"column":38}}]},"29":{"loc":{"start":{"line":187,"column":6},"end":{"line":192,"column":7}},"type":"if","locations":[{"start":{"line":187,"column":6},"end":{"line":192,"column":7}}]},"30":{"loc":{"start":{"line":188,"column":8},"end":{"line":190,"column":9}},"type":"if","locations":[{"start":{"line":188,"column":8},"end":{"line":190,"column":9}}]},"31":{"loc":{"start":{"line":194,"column":6},"end":{"line":197,"column":7}},"type":"if","locations":[{"start":{"line":194,"column":6},"end":{"line":197,"column":7}}]},"32":{"loc":{"start":{"line":194,"column":10},"end":{"line":194,"column":53}},"type":"binary-expr","locations":[{"start":{"line":194,"column":10},"end":{"line":194,"column":35}},{"start":{"line":194,"column":39},"end":{"line":194,"column":53}}]},"33":{"loc":{"start":{"line":196,"column":60},"end":{"line":196,"column":95}},"type":"binary-expr","locations":[{"start":{"line":196,"column":60},"end":{"line":196,"column":76}},{"start":{"line":196,"column":80},"end":{"line":196,"column":95}}]},"34":{"loc":{"start":{"line":217,"column":13},"end":{"line":217,"column":38}},"type":"binary-expr","locations":[{"start":{"line":217,"column":13},"end":{"line":217,"column":26}},{"start":{"line":217,"column":30},"end":{"line":217,"column":38}}]},"35":{"loc":{"start":{"line":220,"column":6},"end":{"line":225,"column":7}},"type":"if","locations":[{"start":{"line":220,"column":6},"end":{"line":225,"column":7}}]},"36":{"loc":{"start":{"line":221,"column":8},"end":{"line":223,"column":9}},"type":"if","locations":[{"start":{"line":221,"column":8},"end":{"line":223,"column":9}}]},"37":{"loc":{"start":{"line":227,"column":6},"end":{"line":230,"column":7}},"type":"if","locations":[{"start":{"line":227,"column":6},"end":{"line":230,"column":7}}]},"38":{"loc":{"start":{"line":227,"column":10},"end":{"line":227,"column":53}},"type":"binary-expr","locations":[{"start":{"line":227,"column":10},"end":{"line":227,"column":35}},{"start":{"line":227,"column":39},"end":{"line":227,"column":53}}]},"39":{"loc":{"start":{"line":229,"column":49},"end":{"line":229,"column":84}},"type":"binary-expr","locations":[{"start":{"line":229,"column":49},"end":{"line":229,"column":65}},{"start":{"line":229,"column":69},"end":{"line":229,"column":84}}]},"40":{"loc":{"start":{"line":243,"column":4},"end":{"line":245,"column":5}},"type":"if","locations":[{"start":{"line":243,"column":4},"end":{"line":245,"column":5}}]},"41":{"loc":{"start":{"line":243,"column":8},"end":{"line":243,"column":99}},"type":"binary-expr","locations":[{"start":{"line":243,"column":8},"end":{"line":243,"column":25}},{"start":{"line":243,"column":29},"end":{"line":243,"column":65}},{"start":{"line":243,"column":69},"end":{"line":243,"column":99}}]},"42":{"loc":{"start":{"line":247,"column":4},"end":{"line":249,"column":5}},"type":"if","locations":[{"start":{"line":247,"column":4},"end":{"line":249,"column":5}}]},"43":{"loc":{"start":{"line":247,"column":8},"end":{"line":247,"column":67}},"type":"binary-expr","locations":[{"start":{"line":247,"column":8},"end":{"line":247,"column":43}},{"start":{"line":247,"column":47},"end":{"line":247,"column":67}}]},"44":{"loc":{"start":{"line":259,"column":4},"end":{"line":261,"column":5}},"type":"if","locations":[{"start":{"line":259,"column":4},"end":{"line":261,"column":5}}]},"45":{"loc":{"start":{"line":259,"column":8},"end":{"line":259,"column":90}},"type":"binary-expr","locations":[{"start":{"line":259,"column":8},"end":{"line":259,"column":22}},{"start":{"line":259,"column":26},"end":{"line":259,"column":59}},{"start":{"line":259,"column":63},"end":{"line":259,"column":90}}]},"46":{"loc":{"start":{"line":263,"column":4},"end":{"line":265,"column":5}},"type":"if","locations":[{"start":{"line":263,"column":4},"end":{"line":265,"column":5}}]},"47":{"loc":{"start":{"line":263,"column":8},"end":{"line":263,"column":66}},"type":"binary-expr","locations":[{"start":{"line":263,"column":8},"end":{"line":263,"column":43}},{"start":{"line":263,"column":47},"end":{"line":263,"column":66}}]}},"s":{"0":1,"1":9,"2":6,"3":6,"4":2,"5":4,"6":2,"7":1,"8":1,"9":2,"10":1,"11":1,"12":1,"13":6,"14":6,"15":2,"16":4,"17":2,"18":1,"19":1,"20":2,"21":1,"22":1,"23":1,"24":7,"25":5,"26":5,"27":2,"28":3,"29":1,"30":0,"31":1,"32":2,"33":1,"34":1,"35":1,"36":4,"37":1,"38":3,"39":3,"40":1,"41":2,"42":1,"43":0,"44":1,"45":1,"46":0,"47":0,"48":1,"49":4,"50":1,"51":3,"52":3,"53":1,"54":2,"55":1,"56":0,"57":1,"58":1,"59":0,"60":0,"61":1,"62":3,"63":3,"64":1,"65":2,"66":1,"67":0,"68":1,"69":1,"70":1,"71":1,"72":0,"73":9,"74":1,"75":8,"76":2,"77":7,"78":1,"79":6,"80":1,"81":1,"82":1},"f":{"0":9,"1":6,"2":7,"3":4,"4":4,"5":3,"6":9,"7":7},"b":{"0":[2,0],"1":[2],"2":[1],"3":[1],"4":[2,1],"5":[1,0],"6":[2,1],"7":[2],"8":[1],"9":[1],"10":[2,2],"11":[1,1],"12":[2,1],"13":[1],"14":[0],"15":[1],"16":[2,1],"17":[1,1],"18":[1],"19":[4,3,3],"20":[1,0],"21":[1],"22":[0],"23":[0],"24":[1,0],"25":[0,0],"26":[1],"27":[4,3,3],"28":[1,1],"29":[1],"30":[0],"31":[0],"32":[1,0],"33":[0,0],"34":[1,0],"35":[1],"36":[0],"37":[1],"38":[1,1],"39":[1,1],"40":[1],"41":[9,8,8],"42":[2],"43":[8,8],"44":[1],"45":[7,6,6],"46":[1],"47":[6,6]}}
,"/Users/iivum/.openclaw/workspace/seafood-miniapp/frontend/src/api/product.ts": {"path":"/Users/iivum/.openclaw/workspace/seafood-miniapp/frontend/src/api/product.ts","statementMap":{"0":{"start":{"line":2,"column":0},"end":{"line":2,"column":46}},"1":{"start":{"line":3,"column":0},"end":{"line":3,"column":55}},"2":{"start":{"line":6,"column":26},"end":{"line":6,"column":39}},"3":{"start":{"line":31,"column":4},"end":{"line":31,"column":48}},"4":{"start":{"line":34,"column":21},"end":{"line":34,"column":102}},"5":{"start":{"line":37,"column":24},"end":{"line":37,"column":53}},"6":{"start":{"line":40,"column":4},"end":{"line":45,"column":5}},"7":{"start":{"line":41,"column":21},"end":{"line":41,"column":40}},"8":{"start":{"line":42,"column":6},"end":{"line":44,"column":7}},"9":{"start":{"line":43,"column":8},"end":{"line":43,"column":43}},"10":{"start":{"line":47,"column":4},"end":{"line":87,"column":5}},"11":{"start":{"line":48,"column":23},"end":{"line":52,"column":8}},"12":{"start":{"line":55,"column":6},"end":{"line":65,"column":7}},"13":{"start":{"line":56,"column":8},"end":{"line":56,"column":65}},"14":{"start":{"line":57,"column":8},"end":{"line":64,"column":10}},"15":{"start":{"line":68,"column":6},"end":{"line":70,"column":7}},"16":{"start":{"line":69,"column":8},"end":{"line":69,"column":57}},"17":{"start":{"line":72,"column":6},"end":{"line":72,"column":22}},"18":{"start":{"line":74,"column":6},"end":{"line":79,"column":7}},"19":{"start":{"line":75,"column":8},"end":{"line":77,"column":9}},"20":{"start":{"line":76,"column":10},"end":{"line":76,"column":76}},"21":{"start":{"line":78,"column":8},"end":{"line":78,"column":70}},"22":{"start":{"line":81,"column":6},"end":{"line":84,"column":7}},"23":{"start":{"line":82,"column":25},"end":{"line":82,"column":51}},"24":{"start":{"line":83,"column":8},"end":{"line":83,"column":92}},"25":{"start":{"line":86,"column":6},"end":{"line":86,"column":74}},"26":{"start":{"line":94,"column":4},"end":{"line":94,"column":18}},"27":{"start":{"line":104,"column":4},"end":{"line":106,"column":5}},"28":{"start":{"line":105,"column":6},"end":{"line":105,"column":92}},"29":{"start":{"line":108,"column":4},"end":{"line":110,"column":5}},"30":{"start":{"line":109,"column":6},"end":{"line":109,"column":92}},"31":{"start":{"line":113,"column":4},"end":{"line":115,"column":5}},"32":{"start":{"line":114,"column":6},"end":{"line":114,"column":64}},"33":{"start":{"line":118,"column":4},"end":{"line":120,"column":5}},"34":{"start":{"line":119,"column":6},"end":{"line":119,"column":66}},"35":{"start":{"line":130,"column":14},"end":{"line":130,"column":56}},"36":{"start":{"line":131,"column":4},"end":{"line":140,"column":6}},"37":{"start":{"line":150,"column":16},"end":{"line":150,"column":86}},"38":{"start":{"line":151,"column":4},"end":{"line":154,"column":5}},"39":{"start":{"line":152,"column":6},"end":{"line":152,"column":30}},"40":{"start":{"line":153,"column":6},"end":{"line":153,"column":27}},"41":{"start":{"line":157,"column":4},"end":{"line":162,"column":31}},"42":{"start":{"line":14,"column":0},"end":{"line":14,"column":13}},"43":{"start":{"line":18,"column":26},"end":{"line":18,"column":54}}},"fnMap":{"0":{"name":"(anonymous_0)","decl":{"start":{"line":29,"column":2},"end":{"line":29,"column":8}},"loc":{"start":{"line":29,"column":79},"end":{"line":88,"column":3}}},"1":{"name":"(anonymous_1)","decl":{"start":{"line":93,"column":2},"end":{"line":93,"column":8}},"loc":{"start":{"line":93,"column":19},"end":{"line":95,"column":3}}},"2":{"name":"(anonymous_2)","decl":{"start":{"line":103,"column":10},"end":{"line":103,"column":16}},"loc":{"start":{"line":103,"column":68},"end":{"line":121,"column":3}}},"3":{"name":"(anonymous_3)","decl":{"start":{"line":129,"column":10},"end":{"line":129,"column":16}},"loc":{"start":{"line":129,"column":59},"end":{"line":141,"column":3}}},"4":{"name":"(anonymous_4)","decl":{"start":{"line":149,"column":10},"end":{"line":149,"column":16}},"loc":{"start":{"line":149,"column":44},"end":{"line":163,"column":3}}}},"branchMap":{"0":{"loc":{"start":{"line":29,"column":55},"end":{"line":29,"column":79}},"type":"default-arg","locations":[{"start":{"line":29,"column":75},"end":{"line":29,"column":79}}]},"1":{"loc":{"start":{"line":37,"column":24},"end":{"line":37,"column":53}},"type":"binary-expr","locations":[{"start":{"line":37,"column":24},"end":{"line":37,"column":32}},{"start":{"line":37,"column":36},"end":{"line":37,"column":53}}]},"2":{"loc":{"start":{"line":40,"column":4},"end":{"line":45,"column":5}},"type":"if","locations":[{"start":{"line":40,"column":4},"end":{"line":45,"column":5}}]},"3":{"loc":{"start":{"line":42,"column":6},"end":{"line":44,"column":7}},"type":"if","locations":[{"start":{"line":42,"column":6},"end":{"line":44,"column":7}}]},"4":{"loc":{"start":{"line":55,"column":6},"end":{"line":65,"column":7}},"type":"if","locations":[{"start":{"line":55,"column":6},"end":{"line":65,"column":7}}]},"5":{"loc":{"start":{"line":68,"column":6},"end":{"line":70,"column":7}},"type":"if","locations":[{"start":{"line":68,"column":6},"end":{"line":70,"column":7}}]},"6":{"loc":{"start":{"line":74,"column":6},"end":{"line":79,"column":7}},"type":"if","locations":[{"start":{"line":74,"column":6},"end":{"line":79,"column":7}}]},"7":{"loc":{"start":{"line":75,"column":8},"end":{"line":77,"column":9}},"type":"if","locations":[{"start":{"line":75,"column":8},"end":{"line":77,"column":9}}]},"8":{"loc":{"start":{"line":81,"column":6},"end":{"line":84,"column":7}},"type":"if","locations":[{"start":{"line":81,"column":6},"end":{"line":84,"column":7}}]},"9":{"loc":{"start":{"line":81,"column":10},"end":{"line":81,"column":53}},"type":"binary-expr","locations":[{"start":{"line":81,"column":10},"end":{"line":81,"column":35}},{"start":{"line":81,"column":39},"end":{"line":81,"column":53}}]},"10":{"loc":{"start":{"line":83,"column":53},"end":{"line":83,"column":88}},"type":"binary-expr","locations":[{"start":{"line":83,"column":53},"end":{"line":83,"column":69}},{"start":{"line":83,"column":73},"end":{"line":83,"column":88}}]},"11":{"loc":{"start":{"line":104,"column":4},"end":{"line":106,"column":5}},"type":"if","locations":[{"start":{"line":104,"column":4},"end":{"line":106,"column":5}}]},"12":{"loc":{"start":{"line":104,"column":8},"end":{"line":104,"column":57}},"type":"binary-expr","locations":[{"start":{"line":104,"column":8},"end":{"line":104,"column":38}},{"start":{"line":104,"column":42},"end":{"line":104,"column":57}}]},"13":{"loc":{"start":{"line":108,"column":4},"end":{"line":110,"column":5}},"type":"if","locations":[{"start":{"line":108,"column":4},"end":{"line":110,"column":5}}]},"14":{"loc":{"start":{"line":108,"column":8},"end":{"line":108,"column":66}},"type":"binary-expr","locations":[{"start":{"line":108,"column":8},"end":{"line":108,"column":42}},{"start":{"line":108,"column":46},"end":{"line":108,"column":66}}]},"15":{"loc":{"start":{"line":113,"column":4},"end":{"line":115,"column":5}},"type":"if","locations":[{"start":{"line":113,"column":4},"end":{"line":115,"column":5}}]},"16":{"loc":{"start":{"line":118,"column":4},"end":{"line":120,"column":5}},"type":"if","locations":[{"start":{"line":118,"column":4},"end":{"line":120,"column":5}}]},"17":{"loc":{"start":{"line":132,"column":6},"end":{"line":139,"column":36}},"type":"binary-expr","locations":[{"start":{"line":132,"column":6},"end":{"line":132,"column":16}},{"start":{"line":133,"column":6},"end":{"line":133,"column":21}},{"start":{"line":134,"column":6},"end":{"line":134,"column":31}},{"start":{"line":135,"column":6},"end":{"line":135,"column":32}},{"start":{"line":136,"column":6},"end":{"line":136,"column":38}},{"start":{"line":137,"column":6},"end":{"line":137,"column":41}},{"start":{"line":138,"column":6},"end":{"line":138,"column":36}},{"start":{"line":139,"column":6},"end":{"line":139,"column":36}}]},"18":{"loc":{"start":{"line":150,"column":16},"end":{"line":150,"column":86}},"type":"cond-expr","locations":[{"start":{"line":150,"column":50},"end":{"line":150,"column":79}},{"start":{"line":150,"column":82},"end":{"line":150,"column":86}}]},"19":{"loc":{"start":{"line":151,"column":4},"end":{"line":154,"column":5}},"type":"if","locations":[{"start":{"line":151,"column":4},"end":{"line":154,"column":5}}]}},"s":{"0":2,"1":2,"2":2,"3":16,"4":13,"5":13,"6":13,"7":12,"8":12,"9":0,"10":13,"11":13,"12":8,"13":1,"14":1,"15":7,"16":6,"17":7,"18":5,"19":2,"20":1,"21":1,"22":3,"23":2,"24":2,"25":1,"26":0,"27":16,"28":1,"29":15,"30":2,"31":13,"32":3,"33":13,"34":2,"35":8,"36":8,"37":5,"38":5,"39":5,"40":5,"41":0,"42":2,"43":2},"f":{"0":16,"1":0,"2":16,"3":8,"4":5},"b":{"0":[16],"1":[13,13],"2":[12],"3":[0],"4":[1],"5":[6],"6":[2],"7":[1],"8":[2],"9":[3,2],"10":[2,1],"11":[1],"12":[16,16],"13":[2],"14":[15,15],"15":[3],"16":[2],"17":[8,8,8,7,7,7,7,7],"18":[5,0],"19":[5]}}
,"/Users/iivum/.openclaw/workspace/seafood-miniapp/frontend/src/modules/productList/productList.ts": {"path":"/Users/iivum/.openclaw/workspace/seafood-miniapp/frontend/src/modules/productList/productList.ts","statementMap":{"0":{"start":{"line":9,"column":0},"end":{"line":9,"column":47}},"1":{"start":{"line":62,"column":4},"end":{"line":62,"column":76}},"2":{"start":{"line":65,"column":4},"end":{"line":81,"column":6}},"3":{"start":{"line":90,"column":23},"end":{"line":95,"column":6}},"4":{"start":{"line":98,"column":4},"end":{"line":100,"column":5}},"5":{"start":{"line":99,"column":6},"end":{"line":99,"column":52}},"6":{"start":{"line":101,"column":4},"end":{"line":103,"column":5}},"7":{"start":{"line":102,"column":6},"end":{"line":102,"column":50}},"8":{"start":{"line":105,"column":4},"end":{"line":105,"column":32}},"9":{"start":{"line":106,"column":4},"end":{"line":106,"column":31}},"10":{"start":{"line":107,"column":4},"end":{"line":107,"column":28}},"11":{"start":{"line":109,"column":4},"end":{"line":128,"column":5}},"12":{"start":{"line":110,"column":23},"end":{"line":110,"column":63}},"13":{"start":{"line":112,"column":6},"end":{"line":112,"column":46}},"14":{"start":{"line":113,"column":6},"end":{"line":117,"column":8}},"15":{"start":{"line":118,"column":6},"end":{"line":118,"column":44}},"16":{"start":{"line":119,"column":6},"end":{"line":119,"column":44}},"17":{"start":{"line":121,"column":6},"end":{"line":121,"column":32}},"18":{"start":{"line":122,"column":6},"end":{"line":122,"column":94}},"19":{"start":{"line":123,"column":6},"end":{"line":123,"column":31}},"20":{"start":{"line":124,"column":6},"end":{"line":124,"column":33}},"21":{"start":{"line":125,"column":6},"end":{"line":125,"column":33}},"22":{"start":{"line":127,"column":6},"end":{"line":127,"column":35}},"23":{"start":{"line":135,"column":4},"end":{"line":137,"column":5}},"24":{"start":{"line":136,"column":6},"end":{"line":136,"column":13}},"25":{"start":{"line":139,"column":21},"end":{"line":139,"column":58}},"26":{"start":{"line":141,"column":4},"end":{"line":141,"column":32}},"27":{"start":{"line":143,"column":4},"end":{"line":164,"column":5}},"28":{"start":{"line":144,"column":23},"end":{"line":149,"column":8}},"29":{"start":{"line":151,"column":6},"end":{"line":151,"column":75}},"30":{"start":{"line":152,"column":6},"end":{"line":156,"column":8}},"31":{"start":{"line":157,"column":6},"end":{"line":157,"column":44}},"32":{"start":{"line":158,"column":6},"end":{"line":158,"column":44}},"33":{"start":{"line":160,"column":6},"end":{"line":160,"column":32}},"34":{"start":{"line":161,"column":6},"end":{"line":161,"column":94}},"35":{"start":{"line":163,"column":6},"end":{"line":163,"column":35}},"36":{"start":{"line":171,"column":4},"end":{"line":173,"column":5}},"37":{"start":{"line":172,"column":6},"end":{"line":172,"column":13}},"38":{"start":{"line":175,"column":21},"end":{"line":175,"column":58}},"39":{"start":{"line":177,"column":4},"end":{"line":177,"column":32}},"40":{"start":{"line":179,"column":4},"end":{"line":200,"column":5}},"41":{"start":{"line":180,"column":23},"end":{"line":185,"column":8}},"42":{"start":{"line":187,"column":6},"end":{"line":187,"column":75}},"43":{"start":{"line":188,"column":6},"end":{"line":192,"column":8}},"44":{"start":{"line":193,"column":6},"end":{"line":193,"column":44}},"45":{"start":{"line":194,"column":6},"end":{"line":194,"column":44}},"46":{"start":{"line":196,"column":6},"end":{"line":196,"column":32}},"47":{"start":{"line":197,"column":6},"end":{"line":197,"column":94}},"48":{"start":{"line":199,"column":6},"end":{"line":199,"column":35}},"49":{"start":{"line":209,"column":4},"end":{"line":209,"column":43}},"50":{"start":{"line":210,"column":4},"end":{"line":210,"column":51}},"51":{"start":{"line":219,"column":4},"end":{"line":219,"column":41}},"52":{"start":{"line":220,"column":4},"end":{"line":220,"column":50}},"53":{"start":{"line":227,"column":4},"end":{"line":230,"column":6}},"54":{"start":{"line":231,"column":4},"end":{"line":231,"column":41}},"55":{"start":{"line":239,"column":4},"end":{"line":239,"column":29}},"56":{"start":{"line":240,"column":4},"end":{"line":240,"column":30}},"57":{"start":{"line":247,"column":4},"end":{"line":247,"column":31}},"58":{"start":{"line":248,"column":4},"end":{"line":248,"column":28}},"59":{"start":{"line":255,"column":4},"end":{"line":255,"column":30}},"60":{"start":{"line":265,"column":4},"end":{"line":265,"column":42}},"61":{"start":{"line":275,"column":4},"end":{"line":275,"column":29}},"62":{"start":{"line":285,"column":4},"end":{"line":285,"column":40}},"63":{"start":{"line":294,"column":4},"end":{"line":296,"column":5}},"64":{"start":{"line":295,"column":6},"end":{"line":295,"column":23}},"65":{"start":{"line":297,"column":4},"end":{"line":299,"column":5}},"66":{"start":{"line":298,"column":6},"end":{"line":298,"column":24}},"67":{"start":{"line":300,"column":4},"end":{"line":300,"column":18}},"68":{"start":{"line":309,"column":4},"end":{"line":311,"column":5}},"69":{"start":{"line":310,"column":6},"end":{"line":310,"column":20}},"70":{"start":{"line":313,"column":20},"end":{"line":313,"column":44}},"71":{"start":{"line":314,"column":4},"end":{"line":316,"column":5}},"72":{"start":{"line":315,"column":6},"end":{"line":315,"column":30}},"73":{"start":{"line":317,"column":4},"end":{"line":319,"column":5}},"74":{"start":{"line":318,"column":6},"end":{"line":318,"column":27}},"75":{"start":{"line":320,"column":4},"end":{"line":320,"column":30}},"76":{"start":{"line":327,"column":4},"end":{"line":327,"column":44}},"77":{"start":{"line":332,"column":4},"end":{"line":332,"column":32}},"78":{"start":{"line":337,"column":4},"end":{"line":337,"column":30}},"79":{"start":{"line":342,"column":4},"end":{"line":342,"column":30}},"80":{"start":{"line":347,"column":4},"end":{"line":347,"column":49}},"81":{"start":{"line":352,"column":4},"end":{"line":352,"column":73}},"82":{"start":{"line":51,"column":0},"end":{"line":51,"column":13}},"83":{"start":{"line":53,"column":26},"end":{"line":53,"column":49}}},"fnMap":{"0":{"name":"(anonymous_0)","decl":{"start":{"line":61,"column":2},"end":{"line":61,"column":14}},"loc":{"start":{"line":61,"column":46},"end":{"line":82,"column":3}}},"1":{"name":"(anonymous_1)","decl":{"start":{"line":89,"column":2},"end":{"line":89,"column":7}},"loc":{"start":{"line":89,"column":61},"end":{"line":129,"column":3}}},"2":{"name":"(anonymous_2)","decl":{"start":{"line":134,"column":2},"end":{"line":134,"column":7}},"loc":{"start":{"line":134,"column":20},"end":{"line":165,"column":3}}},"3":{"name":"(anonymous_3)","decl":{"start":{"line":170,"column":2},"end":{"line":170,"column":7}},"loc":{"start":{"line":170,"column":20},"end":{"line":201,"column":3}}},"4":{"name":"(anonymous_4)","decl":{"start":{"line":208,"column":2},"end":{"line":208,"column":7}},"loc":{"start":{"line":208,"column":44},"end":{"line":211,"column":3}}},"5":{"name":"(anonymous_5)","decl":{"start":{"line":218,"column":2},"end":{"line":218,"column":7}},"loc":{"start":{"line":218,"column":42},"end":{"line":221,"column":3}}},"6":{"name":"(anonymous_6)","decl":{"start":{"line":226,"column":2},"end":{"line":226,"column":7}},"loc":{"start":{"line":226,"column":20},"end":{"line":232,"column":3}}},"7":{"name":"(anonymous_7)","decl":{"start":{"line":237,"column":2},"end":{"line":237,"column":7}},"loc":{"start":{"line":237,"column":23},"end":{"line":241,"column":3}}},"8":{"name":"(anonymous_8)","decl":{"start":{"line":246,"column":2},"end":{"line":246,"column":12}},"loc":{"start":{"line":246,"column":12},"end":{"line":249,"column":3}}},"9":{"name":"(anonymous_9)","decl":{"start":{"line":254,"column":2},"end":{"line":254,"column":7}},"loc":{"start":{"line":254,"column":25},"end":{"line":256,"column":3}}},"10":{"name":"(anonymous_10)","decl":{"start":{"line":264,"column":2},"end":{"line":264,"column":20}},"loc":{"start":{"line":264,"column":37},"end":{"line":266,"column":3}}},"11":{"name":"(anonymous_11)","decl":{"start":{"line":274,"column":2},"end":{"line":274,"column":11}},"loc":{"start":{"line":274,"column":28},"end":{"line":276,"column":3}}},"12":{"name":"(anonymous_12)","decl":{"start":{"line":284,"column":2},"end":{"line":284,"column":21}},"loc":{"start":{"line":284,"column":38},"end":{"line":286,"column":3}}},"13":{"name":"(anonymous_13)","decl":{"start":{"line":293,"column":2},"end":{"line":293,"column":22}},"loc":{"start":{"line":293,"column":22},"end":{"line":301,"column":3}}},"14":{"name":"(anonymous_14)","decl":{"start":{"line":308,"column":2},"end":{"line":308,"column":17}},"loc":{"start":{"line":308,"column":17},"end":{"line":321,"column":3}}},"15":{"name":"(anonymous_15)","decl":{"start":{"line":326,"column":2},"end":{"line":326,"column":6}},"loc":{"start":{"line":326,"column":13},"end":{"line":328,"column":3}}},"16":{"name":"(anonymous_16)","decl":{"start":{"line":331,"column":2},"end":{"line":331,"column":6}},"loc":{"start":{"line":331,"column":15},"end":{"line":333,"column":3}}},"17":{"name":"(anonymous_17)","decl":{"start":{"line":336,"column":2},"end":{"line":336,"column":6}},"loc":{"start":{"line":336,"column":13},"end":{"line":338,"column":3}}},"18":{"name":"(anonymous_18)","decl":{"start":{"line":341,"column":2},"end":{"line":341,"column":6}},"loc":{"start":{"line":341,"column":13},"end":{"line":343,"column":3}}},"19":{"name":"(anonymous_19)","decl":{"start":{"line":346,"column":2},"end":{"line":346,"column":6}},"loc":{"start":{"line":346,"column":13},"end":{"line":348,"column":3}}},"20":{"name":"(anonymous_20)","decl":{"start":{"line":351,"column":2},"end":{"line":351,"column":6}},"loc":{"start":{"line":351,"column":19},"end":{"line":353,"column":3}}}},"branchMap":{"0":{"loc":{"start":{"line":61,"column":14},"end":{"line":61,"column":46}},"type":"default-arg","locations":[{"start":{"line":61,"column":44},"end":{"line":61,"column":46}}]},"1":{"loc":{"start":{"line":62,"column":20},"end":{"line":62,"column":75}},"type":"binary-expr","locations":[{"start":{"line":62,"column":20},"end":{"line":62,"column":36}},{"start":{"line":62,"column":40},"end":{"line":62,"column":75}}]},"2":{"loc":{"start":{"line":89,"column":21},"end":{"line":89,"column":61}},"type":"default-arg","locations":[{"start":{"line":89,"column":59},"end":{"line":89,"column":61}}]},"3":{"loc":{"start":{"line":91,"column":12},"end":{"line":91,"column":55}},"type":"cond-expr","locations":[{"start":{"line":91,"column":40},"end":{"line":91,"column":51}},{"start":{"line":91,"column":54},"end":{"line":91,"column":55}}]},"4":{"loc":{"start":{"line":93,"column":16},"end":{"line":93,"column":93}},"type":"cond-expr","locations":[{"start":{"line":93,"column":48},"end":{"line":93,"column":63}},{"start":{"line":93,"column":66},"end":{"line":93,"column":93}}]},"5":{"loc":{"start":{"line":94,"column":15},"end":{"line":94,"column":89}},"type":"cond-expr","locations":[{"start":{"line":94,"column":46},"end":{"line":94,"column":60}},{"start":{"line":94,"column":63},"end":{"line":94,"column":89}}]},"6":{"loc":{"start":{"line":98,"column":4},"end":{"line":100,"column":5}},"type":"if","locations":[{"start":{"line":98,"column":4},"end":{"line":100,"column":5}}]},"7":{"loc":{"start":{"line":101,"column":4},"end":{"line":103,"column":5}},"type":"if","locations":[{"start":{"line":101,"column":4},"end":{"line":103,"column":5}}]},"8":{"loc":{"start":{"line":122,"column":25},"end":{"line":122,"column":93}},"type":"cond-expr","locations":[{"start":{"line":122,"column":50},"end":{"line":122,"column":55}},{"start":{"line":122,"column":58},"end":{"line":122,"column":93}}]},"9":{"loc":{"start":{"line":135,"column":4},"end":{"line":137,"column":5}},"type":"if","locations":[{"start":{"line":135,"column":4},"end":{"line":137,"column":5}}]},"10":{"loc":{"start":{"line":135,"column":8},"end":{"line":135,"column":39}},"type":"binary-expr","locations":[{"start":{"line":135,"column":8},"end":{"line":135,"column":21}},{"start":{"line":135,"column":25},"end":{"line":135,"column":39}}]},"11":{"loc":{"start":{"line":161,"column":25},"end":{"line":161,"column":93}},"type":"cond-expr","locations":[{"start":{"line":161,"column":50},"end":{"line":161,"column":55}},{"start":{"line":161,"column":58},"end":{"line":161,"column":93}}]},"12":{"loc":{"start":{"line":171,"column":4},"end":{"line":173,"column":5}},"type":"if","locations":[{"start":{"line":171,"column":4},"end":{"line":173,"column":5}}]},"13":{"loc":{"start":{"line":171,"column":8},"end":{"line":171,"column":39}},"type":"binary-expr","locations":[{"start":{"line":171,"column":8},"end":{"line":171,"column":21}},{"start":{"line":171,"column":25},"end":{"line":171,"column":39}}]},"14":{"loc":{"start":{"line":197,"column":25},"end":{"line":197,"column":93}},"type":"cond-expr","locations":[{"start":{"line":197,"column":50},"end":{"line":197,"column":55}},{"start":{"line":197,"column":58},"end":{"line":197,"column":93}}]},"15":{"loc":{"start":{"line":285,"column":11},"end":{"line":285,"column":39}},"type":"cond-expr","locations":[{"start":{"line":285,"column":28},"end":{"line":285,"column":32}},{"start":{"line":285,"column":35},"end":{"line":285,"column":39}}]},"16":{"loc":{"start":{"line":294,"column":4},"end":{"line":296,"column":5}},"type":"if","locations":[{"start":{"line":294,"column":4},"end":{"line":296,"column":5}}]},"17":{"loc":{"start":{"line":297,"column":4},"end":{"line":299,"column":5}},"type":"if","locations":[{"start":{"line":297,"column":4},"end":{"line":299,"column":5}}]},"18":{"loc":{"start":{"line":309,"column":4},"end":{"line":311,"column":5}},"type":"if","locations":[{"start":{"line":309,"column":4},"end":{"line":311,"column":5}}]},"19":{"loc":{"start":{"line":314,"column":4},"end":{"line":316,"column":5}},"type":"if","locations":[{"start":{"line":314,"column":4},"end":{"line":316,"column":5}}]},"20":{"loc":{"start":{"line":317,"column":4},"end":{"line":319,"column":5}},"type":"if","locations":[{"start":{"line":317,"column":4},"end":{"line":319,"column":5}}]},"21":{"loc":{"start":{"line":352,"column":11},"end":{"line":352,"column":72}},"type":"binary-expr","locations":[{"start":{"line":352,"column":11},"end":{"line":352,"column":31}},{"start":{"line":352,"column":35},"end":{"line":352,"column":72}}]}},"s":{"0":1,"1":34,"2":34,"3":26,"4":26,"5":5,"6":26,"7":4,"8":26,"9":26,"10":26,"11":26,"12":26,"13":21,"14":21,"15":21,"16":21,"17":5,"18":5,"19":5,"20":5,"21":5,"22":26,"23":3,"24":0,"25":3,"26":3,"27":3,"28":3,"29":3,"30":3,"31":3,"32":3,"33":0,"34":0,"35":3,"36":1,"37":0,"38":1,"39":1,"40":1,"41":1,"42":1,"43":1,"44":1,"45":1,"46":0,"47":0,"48":1,"49":3,"50":3,"51":2,"52":2,"53":1,"54":1,"55":2,"56":2,"57":1,"58":1,"59":1,"60":3,"61":2,"62":2,"63":3,"64":1,"65":2,"66":1,"67":1,"68":2,"69":0,"70":2,"71":2,"72":1,"73":1,"74":1,"75":0,"76":3,"77":7,"78":7,"79":5,"80":3,"81":2,"82":1,"83":1},"f":{"0":34,"1":26,"2":3,"3":1,"4":3,"5":2,"6":1,"7":2,"8":1,"9":1,"10":3,"11":2,"12":2,"13":3,"14":2,"15":3,"16":7,"17":7,"18":5,"19":3,"20":2},"b":{"0":[33],"1":[34,33],"2":[17],"3":[6,20],"4":[5,21],"5":[4,22],"6":[5],"7":[4],"8":[5,0],"9":[0],"10":[3,3],"11":[0,0],"12":[0],"13":[1,1],"14":[0,0],"15":[1,1],"16":[1],"17":[1],"18":[0],"19":[1],"20":[1],"21":[2,1]}}
,"/Users/iivum/.openclaw/workspace/seafood-miniapp/frontend/utils/cache.js": {"path":"/Users/iivum/.openclaw/workspace/seafood-miniapp/frontend/utils/cache.js","statementMap":{"0":{"start":{"line":5,"column":20},"end":{"line":5,"column":33}},"1":{"start":{"line":9,"column":4},"end":{"line":9,"column":27}},"2":{"start":{"line":18,"column":17},"end":{"line":18,"column":36}},"3":{"start":{"line":19,"column":4},"end":{"line":19,"column":27}},"4":{"start":{"line":19,"column":15},"end":{"line":19,"column":27}},"5":{"start":{"line":21,"column":16},"end":{"line":21,"column":26}},"6":{"start":{"line":22,"column":4},"end":{"line":25,"column":5}},"7":{"start":{"line":23,"column":6},"end":{"line":23,"column":29}},"8":{"start":{"line":24,"column":6},"end":{"line":24,"column":18}},"9":{"start":{"line":27,"column":4},"end":{"line":27,"column":22}},"10":{"start":{"line":37,"column":19},"end":{"line":37,"column":35}},"11":{"start":{"line":38,"column":4},"end":{"line":38,"column":43}},"12":{"start":{"line":46,"column":4},"end":{"line":46,"column":27}},"13":{"start":{"line":53,"column":4},"end":{"line":53,"column":23}},"14":{"start":{"line":63,"column":4},"end":{"line":63,"column":53}},"15":{"start":{"line":68,"column":14},"end":{"line":68,"column":31}},"16":{"start":{"line":70,"column":0},"end":{"line":74,"column":2}}},"fnMap":{"0":{"name":"(anonymous_0)","decl":{"start":{"line":8,"column":2},"end":{"line":8,"column":3}},"loc":{"start":{"line":8,"column":16},"end":{"line":10,"column":3}},"line":8},"1":{"name":"(anonymous_1)","decl":{"start":{"line":17,"column":2},"end":{"line":17,"column":3}},"loc":{"start":{"line":17,"column":11},"end":{"line":28,"column":3}},"line":17},"2":{"name":"(anonymous_2)","decl":{"start":{"line":36,"column":2},"end":{"line":36,"column":3}},"loc":{"start":{"line":36,"column":37},"end":{"line":39,"column":3}},"line":36},"3":{"name":"(anonymous_3)","decl":{"start":{"line":45,"column":2},"end":{"line":45,"column":3}},"loc":{"start":{"line":45,"column":14},"end":{"line":47,"column":3}},"line":45},"4":{"name":"(anonymous_4)","decl":{"start":{"line":52,"column":2},"end":{"line":52,"column":3}},"loc":{"start":{"line":52,"column":10},"end":{"line":54,"column":3}},"line":52},"5":{"name":"(anonymous_5)","decl":{"start":{"line":62,"column":2},"end":{"line":62,"column":3}},"loc":{"start":{"line":62,"column":35},"end":{"line":64,"column":3}},"line":62}},"branchMap":{"0":{"loc":{"start":{"line":19,"column":4},"end":{"line":19,"column":27}},"type":"if","locations":[{"start":{"line":19,"column":4},"end":{"line":19,"column":27}},{"start":{},"end":{}}],"line":19},"1":{"loc":{"start":{"line":22,"column":4},"end":{"line":25,"column":5}},"type":"if","locations":[{"start":{"line":22,"column":4},"end":{"line":25,"column":5}},{"start":{},"end":{}}],"line":22},"2":{"loc":{"start":{"line":36,"column":18},"end":{"line":36,"column":35}},"type":"default-arg","locations":[{"start":{"line":36,"column":24},"end":{"line":36,"column":35}}],"line":36},"3":{"loc":{"start":{"line":63,"column":37},"end":{"line":63,"column":49}},"type":"binary-expr","locations":[{"start":{"line":63,"column":37},"end":{"line":63,"column":43}},{"start":{"line":63,"column":47},"end":{"line":63,"column":49}}],"line":63}},"s":{"0":2,"1":2,"2":12,"3":12,"4":12,"5":0,"6":0,"7":0,"8":0,"9":0,"10":6,"11":6,"12":0,"13":14,"14":13,"15":2,"16":2},"f":{"0":2,"1":12,"2":6,"3":0,"4":14,"5":13},"b":{"0":[12,0],"1":[0,0],"2":[0],"3":[13,0]},"inputSourceMap":null,"_coverageSchema":"1a1c01bbd47fc00a2c39e90264f33305004495a9","hash":"56b4a43f4b9a4f7ab46369a3e8f413ed52af1f81"}
}
