<?xml version="1.0" encoding="UTF-8"?>
<testsuite name="com.seafood.product.interfaces.rest.ProductControllerTest" tests="3" skipped="0" failures="0" errors="0" timestamp="2026-03-15T20:13:01" hostname="iivum" time="0.247">
  <properties/>
  <testcase name="testCreateProduct()" classname="com.seafood.product.interfaces.rest.ProductControllerTest" time="0.194"/>
  <testcase name="testGetProductById()" classname="com.seafood.product.interfaces.rest.ProductControllerTest" time="0.045"/>
  <testcase name="testGetAllProducts()" classname="com.seafood.product.interfaces.rest.ProductControllerTest" time="0.005"/>
  <system-out><![CDATA[04:12:58.707 [Test worker] INFO org.springframework.test.context.support.AnnotationConfigContextLoaderUtils -- Could not detect default configuration classes for test class [com.seafood.product.interfaces.rest.ProductControllerTest]: ProductControllerTest does not declare any static, non-private, non-final, nested classes annotated with @Configuration.
04:12:58.816 [Test worker] INFO org.springframework.boot.test.context.SpringBootTestContextBootstrapper -- Found @SpringBootConfiguration com.seafood.product.ProductApplication for test class com.seafood.product.interfaces.rest.ProductControllerTest

  .   ____          _            __ _ _
 /\\ / ___'_ __ _ _(_)_ __  __ _ \ \ \ \
( ( )\___ | '_ | '_| | '_ \/ _` | \ \ \ \
 \\/  ___)| |_)| | | | | || (_| |  ) ) ) )
  '  |____| .__|_| |_|_| |_\__, | / / / /
 =========|_|==============|___/=/_/_/_/
 :: Spring Boot ::                (v3.2.4)

2026-03-16T04:12:59.248+08:00  INFO 60391 --- [product-service] [    Test worker] c.s.p.i.rest.ProductControllerTest       : Starting ProductControllerTest using Java 17.0.18 with PID 60391 (started by iivum in /Users/iivum/.openclaw/workspace/seafood-miniapp/backend/product-service)
2026-03-16T04:12:59.250+08:00  INFO 60391 --- [product-service] [    Test worker] c.s.p.i.rest.ProductControllerTest       : No active profile set, falling back to 1 default profile: "default"
2026-03-16T04:13:01.381+08:00  INFO 60391 --- [product-service] [    Test worker] o.s.b.t.m.w.SpringBootMockServletContext : Initializing Spring TestDispatcherServlet ''
2026-03-16T04:13:01.381+08:00  INFO 60391 --- [product-service] [    Test worker] o.s.t.web.servlet.TestDispatcherServlet  : Initializing Servlet ''
2026-03-16T04:13:01.383+08:00  INFO 60391 --- [product-service] [    Test worker] o.s.t.web.servlet.TestDispatcherServlet  : Completed initialization in 1 ms
2026-03-16T04:13:01.414+08:00  INFO 60391 --- [product-service] [    Test worker] c.s.p.i.rest.ProductControllerTest       : Started ProductControllerTest in 2.534 seconds (process running for 3.393)
]]></system-out>
  <system-err><![CDATA[]]></system-err>
</testsuite>
