<?xml version="1.0" encoding="UTF-8"?>
<testsuite name="com.seafood.user.domain.model.UserTest" tests="2" skipped="0" failures="0" errors="0" timestamp="2026-03-15T20:12:41" hostname="iivum" time="0.017">
  <properties/>
  <testcase name="testUpdateProfile()" classname="com.seafood.user.domain.model.UserTest" time="0.016"/>
  <testcase name="testCreateUser()" classname="com.seafood.user.domain.model.UserTest" time="0.0"/>
  <system-out><![CDATA[]]></system-out>
  <system-err><![CDATA[]]></system-err>
</testsuite>
