<?xml version="1.0" encoding="UTF-8"?>
<testsuite name="com.seafood.order.interfaces.rest.OrderControllerTest" tests="3" skipped="0" failures="0" errors="0" timestamp="2026-03-15T20:12:11" hostname="iivum" time="0.545">
  <properties/>
  <testcase name="testCreateOrder()" classname="com.seafood.order.interfaces.rest.OrderControllerTest" time="0.438"/>
  <testcase name="testGetOrdersByUser()" classname="com.seafood.order.interfaces.rest.OrderControllerTest" time="0.014"/>
  <testcase name="testPayOrder()" classname="com.seafood.order.interfaces.rest.OrderControllerTest" time="0.091"/>
  <system-out><![CDATA[04:12:08.366 [Test worker] INFO org.springframework.test.context.support.AnnotationConfigContextLoaderUtils -- Could not detect default configuration classes for test class [com.seafood.order.interfaces.rest.OrderControllerTest]: OrderControllerTest does not declare any static, non-private, non-final, nested classes annotated with @Configuration.
04:12:08.473 [Test worker] INFO org.springframework.boot.test.context.SpringBootTestContextBootstrapper -- Found @SpringBootConfiguration com.seafood.order.OrderApplication for test class com.seafood.order.interfaces.rest.OrderControllerTest

  .   ____          _            __ _ _
 /\\ / ___'_ __ _ _(_)_ __  __ _ \ \ \ \
( ( )\___ | '_ | '_| | '_ \/ _` | \ \ \ \
 \\/  ___)| |_)| | | | | || (_| |  ) ) ) )
  '  |____| .__|_| |_|_| |_\__, | / / / /
 =========|_|==============|___/=/_/_/_/
 :: Spring Boot ::                (v3.2.4)

2026-03-16T04:12:08.904+08:00  INFO 59776 --- [order-service] [    Test worker] c.s.o.i.rest.OrderControllerTest         : Starting OrderControllerTest using Java 17.0.18 with PID 59776 (started by iivum in /Users/iivum/.openclaw/workspace/seafood-miniapp/backend/order-service)
2026-03-16T04:12:08.907+08:00  INFO 59776 --- [order-service] [    Test worker] c.s.o.i.rest.OrderControllerTest         : No active profile set, falling back to 1 default profile: "default"
2026-03-16T04:12:11.491+08:00  INFO 59776 --- [order-service] [    Test worker] o.s.b.t.m.w.SpringBootMockServletContext : Initializing Spring TestDispatcherServlet ''
2026-03-16T04:12:11.491+08:00  INFO 59776 --- [order-service] [    Test worker] o.s.t.web.servlet.TestDispatcherServlet  : Initializing Servlet ''
2026-03-16T04:12:11.494+08:00  INFO 59776 --- [order-service] [    Test worker] o.s.t.web.servlet.TestDispatcherServlet  : Completed initialization in 2 ms
2026-03-16T04:12:11.542+08:00  INFO 59776 --- [order-service] [    Test worker] c.s.o.i.rest.OrderControllerTest         : Started OrderControllerTest in 3.006 seconds (process running for 3.797)
]]></system-out>
  <system-err><![CDATA[]]></system-err>
</testsuite>
