<?xml version="1.0" encoding="UTF-8"?>
<testsuite name="com.seafood.order.domain.model.OrderTest" tests="3" skipped="0" failures="0" errors="0" timestamp="2026-03-15T20:12:12" hostname="iivum" time="0.014">
  <properties/>
  <testcase name="testCreateOrder()" classname="com.seafood.order.domain.model.OrderTest" time="0.012"/>
  <testcase name="testCancelOrder()" classname="com.seafood.order.domain.model.OrderTest" time="0.0"/>
  <testcase name="testPayOrder()" classname="com.seafood.order.domain.model.OrderTest" time="0.0"/>
  <system-out><![CDATA[]]></system-out>
  <system-err><![CDATA[]]></system-err>
</testsuite>
